<?xml version="1.0" encoding="UTF-8"?>
<!-- Generated by org.testng.reporters.JUnitXMLReporter -->
<testsuite hostname="Durlov" ignored="0" name="Command line test" tests="4" failures="0" timestamp="10 Feb 2018 18:36:29 GMT" time="237.966" errors="0">
  <testcase name="createCRMContacts" time="12.792" classname="com.rave.qa.testCases.ContactsPageTest"/>
  <testcase name="createCRMContacts" time="6.439" classname="com.rave.qa.testCases.ContactsPageTest"/>
  <testcase name="createCRMContacts" time="7.302" classname="com.rave.qa.testCases.ContactsPageTest"/>
  <testcase name="loginTest" time="9.604" classname="com.rave.qa.testCases.LoginPageTest"/>
</testsuite> <!-- Command line test -->
