<?xml version="1.0" encoding="UTF-8"?>
<testng-results skipped="0" failed="0" ignored="0" total="0" passed="0">
  <reporter-output>
  </reporter-output>
  <suite name="com.rave.qa.testCases.LoginPageTest" duration-ms="16" started-at="2018-01-06T19:13:22Z" finished-at="2018-01-06T19:13:22Z">
    <groups>
    </groups>
    <test name="Command line test" duration-ms="16" started-at="2018-01-06T19:13:22Z" finished-at="2018-01-06T19:13:22Z">
    </test> <!-- Command line test -->
  </suite> <!-- com.rave.qa.testCases.LoginPageTest -->
</testng-results>
