<?xml version="1.0" encoding="UTF-8" ?>
<testsuite tests="4" failures="0" name="TestSuite" time="36.062" errors="0" skipped="0">
  <properties>
[...]
</properties>
  <testcase classname="com.rave.qa.testCases.ContactsPageTest" name="createCRMContacts" time="12.796"/>
  <testcase classname="com.rave.qa.testCases.ContactsPageTest" name="createCRMContacts" time="6.44"/>
  <testcase classname="com.rave.qa.testCases.ContactsPageTest" name="createCRMContacts" time="7.304"/>
  <testcase classname="com.rave.qa.testCases.LoginPageTest" name="loginTest" time="9.522"/>
</testsuite>