<?xml version="1.0" encoding="UTF-8"?>
<testng-results skipped="0" failed="0" ignored="0" total="1" passed="1">
  <reporter-output>
  </reporter-output>
  <suite name="Default suite" duration-ms="34927" started-at="2018-02-10T20:30:21Z" finished-at="2018-02-10T20:30:56Z">
    <groups>
    </groups>
    <test name="Default test" duration-ms="34927" started-at="2018-02-10T20:30:21Z" finished-at="2018-02-10T20:30:56Z">
      <class name="com.rave.qa.testCases.LoginPageTest">
        <test-method status="PASS" signature="setUp()[pri:0, instance:com.rave.qa.testCases.LoginPageTest@14b1c02]" name="setUp" is-config="true" duration-ms="19242" started-at="2018-02-10T12:30:22Z" finished-at="2018-02-10T12:30:41Z">
          <reporter-output>
          </reporter-output>
        </test-method> <!-- setUp -->
        <test-method status="PASS" signature="loginTest()[pri:0, instance:com.rave.qa.testCases.LoginPageTest@14b1c02]" name="loginTest" duration-ms="14265" started-at="2018-02-10T12:30:41Z" finished-at="2018-02-10T12:30:55Z">
          <reporter-output>
          </reporter-output>
        </test-method> <!-- loginTest -->
        <test-method status="PASS" signature="tearDown()[pri:0, instance:com.rave.qa.testCases.LoginPageTest@14b1c02]" name="tearDown" is-config="true" duration-ms="1318" started-at="2018-02-10T12:30:55Z" finished-at="2018-02-10T12:30:56Z">
          <reporter-output>
          </reporter-output>
        </test-method> <!-- tearDown -->
      </class> <!-- com.rave.qa.testCases.LoginPageTest -->
    </test> <!-- Default test -->
  </suite> <!-- Default suite -->
</testng-results>
